[2023-09-05 13:06:56] local.ERROR: SQLSTATE[42S22]: Column not found: 1054 Unknown column 'undefined' in 'field list' (Connection: mysql, SQL: select count(*) as aggregate from (select `undefined` as `value`, `created_at`, DAY(created_at) AS time from `monitoring_support_devices` where `number_of` = 1 and `field_id` = cd3eb1ad-f3ee-4fa4-bf19-0e4f7da89746 group by DAY(created_at)) as `aggregate_table`) {"exception":"[object] (Illuminate\\Database\\QueryException(code: 42S22): SQLSTATE[42S22]: Column not found: 1054 Unknown column 'undefined' in 'field list' (Connection: mysql, SQL: select count(*) as aggregate from (select `undefined` as `value`, `created_at`, DAY(created_at) AS time from `monitoring_support_devices` where `number_of` = 1 and `field_id` = cd3eb1ad-f3ee-4fa4-bf19-0e4f7da89746 group by DAY(created_at)) as `aggregate_table`) at C:\\xampp\\htdocs\\PlantsGrowthChamberApp-arnesys\\arnesys-web\\vendor\\laravel\\framework\\src\\Illuminate\\Database\\Connection.php:795)
[stacktrace]
#0 C:\\xampp\\htdocs\\PlantsGrowthChamberApp-arnesys\\arnesys-web\\vendor\\laravel\\framework\\src\\Illuminate\\Database\\Connection.php(755): Illuminate\\Database\\Connection->runQueryCallback('select count(*)...', Array, Object(Closure))
#1 C:\\xampp\\htdocs\\PlantsGrowthChamberApp-arnesys\\arnesys-web\\vendor\\laravel\\framework\\src\\Illuminate\\Database\\Connection.php(424): Illuminate\\Database\\Connection->run('select count(*)...', Array, Object(Closure))
#2 C:\\xampp\\htdocs\\PlantsGrowthChamberApp-arnesys\\arnesys-web\\vendor\\laravel\\framework\\src\\Illuminate\\Database\\Query\\Builder.php(2748): Illuminate\\Database\\Connection->select('select count(*)...', Array, true)
#3 C:\\xampp\\htdocs\\PlantsGrowthChamberApp-arnesys\\arnesys-web\\vendor\\laravel\\framework\\src\\Illuminate\\Database\\Query\\Builder.php(2736): Illuminate\\Database\\Query\\Builder->runSelect()
#4 C:\\xampp\\htdocs\\PlantsGrowthChamberApp-arnesys\\arnesys-web\\vendor\\laravel\\framework\\src\\Illuminate\\Database\\Query\\Builder.php(3290): Illuminate\\Database\\Query\\Builder->Illuminate\\Database\\Query\\{closure}()
#5 C:\\xampp\\htdocs\\PlantsGrowthChamberApp-arnesys\\arnesys-web\\vendor\\laravel\\framework\\src\\Illuminate\\Database\\Query\\Builder.php(2737): Illuminate\\Database\\Query\\Builder->onceWithColumns(Array, Object(Closure))
#6 C:\\xampp\\htdocs\\PlantsGrowthChamberApp-arnesys\\arnesys-web\\vendor\\laravel\\framework\\src\\Illuminate\\Database\\Query\\Builder.php(2892): Illuminate\\Database\\Query\\Builder->get()
#7 C:\\xampp\\htdocs\\PlantsGrowthChamberApp-arnesys\\arnesys-web\\vendor\\laravel\\framework\\src\\Illuminate\\Database\\Query\\Builder.php(2859): Illuminate\\Database\\Query\\Builder->runPaginationCountQuery(Array)
#8 C:\\xampp\\htdocs\\PlantsGrowthChamberApp-arnesys\\arnesys-web\\vendor\\laravel\\framework\\src\\Illuminate\\Database\\Eloquent\\Builder.php(904): Illuminate\\Database\\Query\\Builder->getCountForPagination()
#9 C:\\xampp\\htdocs\\PlantsGrowthChamberApp-arnesys\\arnesys-web\\app\\Http\\Controllers\\Api\\MonitoringSupportDeviceController.php(45): Illuminate\\Database\\Eloquent\\Builder->paginate(10)
#10 C:\\xampp\\htdocs\\PlantsGrowthChamberApp-arnesys\\arnesys-web\\vendor\\laravel\\framework\\src\\Illuminate\\Routing\\Controller.php(54): App\\Http\\Controllers\\Api\\MonitoringSupportDeviceController->getChartData('cd3eb1ad-f3ee-4...', '1', 'undefined', 'day')
#11 C:\\xampp\\htdocs\\PlantsGrowthChamberApp-arnesys\\arnesys-web\\vendor\\laravel\\framework\\src\\Illuminate\\Routing\\ControllerDispatcher.php(43): Illuminate\\Routing\\Controller->callAction('getChartData', Array)
#12 C:\\xampp\\htdocs\\PlantsGrowthChamberApp-arnesys\\arnesys-web\\vendor\\laravel\\framework\\src\\Illuminate\\Routing\\Route.php(260): Illuminate\\Routing\\ControllerDispatcher->dispatch(Object(Illuminate\\Routing\\Route), Object(App\\Http\\Controllers\\Api\\MonitoringSupportDeviceController), 'getChartData')
#13 C:\\xampp\\htdocs\\PlantsGrowthChamberApp-arnesys\\arnesys-web\\vendor\\laravel\\framework\\src\\Illuminate\\Routing\\Route.php(205): Illuminate\\Routing\\Route->runController()
#14 C:\\xampp\\htdocs\\PlantsGrowthChamberApp-arnesys\\arnesys-web\\vendor\\laravel\\framework\\src\\Illuminate\\Routing\\Router.php(799): Illuminate\\Routing\\Route->run()
#15 C:\\xampp\\htdocs\\PlantsGrowthChamberApp-arnesys\\arnesys-web\\vendor\\laravel\\framework\\src\\Illuminate\\Pipeline\\Pipeline.php(141): Illuminate\\Routing\\Router->Illuminate\\Routing\\{closure}(Object(Illuminate\\Http\\Request))
#16 C:\\xampp\\htdocs\\PlantsGrowthChamberApp-arnesys\\arnesys-web\\vendor\\laravel\\framework\\src\\Illuminate\\Routing\\Middleware\\SubstituteBindings.php(50): Illuminate\\Pipeline\\Pipeline->Illuminate\\Pipeline\\{closure}(Object(Illuminate\\Http\\Request))
#17 C:\\xampp\\htdocs\\PlantsGrowthChamberApp-arnesys\\arnesys-web\\vendor\\laravel\\framework\\src\\Illuminate\\Pipeline\\Pipeline.php(180): Illuminate\\Routing\\Middleware\\SubstituteBindings->handle(Object(Illuminate\\Http\\Request), Object(Closure))
#18 C:\\xampp\\htdocs\\PlantsGrowthChamberApp-arnesys\\arnesys-web\\vendor\\laravel\\framework\\src\\Illuminate\\Routing\\Middleware\\ThrottleRequests.php(159): Illuminate\\Pipeline\\Pipeline->Illuminate\\Pipeline\\{closure}(Object(Illuminate\\Http\\Request))
#19 C:\\xampp\\htdocs\\PlantsGrowthChamberApp-arnesys\\arnesys-web\\vendor\\laravel\\framework\\src\\Illuminate\\Routing\\Middleware\\ThrottleRequests.php(135): Illuminate\\Routing\\Middleware\\ThrottleRequests->handleRequest(Object(Illuminate\\Http\\Request), Object(Closure), Array)
#20 C:\\xampp\\htdocs\\PlantsGrowthChamberApp-arnesys\\arnesys-web\\vendor\\laravel\\framework\\src\\Illuminate\\Routing\\Middleware\\ThrottleRequests.php(87): Illuminate\\Routing\\Middleware\\ThrottleRequests->handleRequestUsingNamedLimiter(Object(Illuminate\\Http\\Request), Object(Closure), 'api', Object(Closure))
#21 C:\\xampp\\htdocs\\PlantsGrowthChamberApp-arnesys\\arnesys-web\\vendor\\laravel\\framework\\src\\Illuminate\\Pipeline\\Pipeline.php(180): Illuminate\\Routing\\Middleware\\ThrottleRequests->handle(Object(Illuminate\\Http\\Request), Object(Closure), 'api')
#22 C:\\xampp\\htdocs\\PlantsGrowthChamberApp-arnesys\\arnesys-web\\vendor\\laravel\\framework\\src\\Illuminate\\Pipeline\\Pipeline.php(116): Illuminate\\Pipeline\\Pipeline->Illuminate\\Pipeline\\{closure}(Object(Illuminate\\Http\\Request))
#23 C:\\xampp\\htdocs\\PlantsGrowthChamberApp-arnesys\\arnesys-web\\vendor\\laravel\\framework\\src\\Illuminate\\Routing\\Router.php(800): Illuminate\\Pipeline\\Pipeline->then(Object(Closure))
#24 C:\\xampp\\htdocs\\PlantsGrowthChamberApp-arnesys\\arnesys-web\\vendor\\laravel\\framework\\src\\Illuminate\\Routing\\Router.php(777): Illuminate\\Routing\\Router->runRouteWithinStack(Object(Illuminate\\Routing\\Route), Object(Illuminate\\Http\\Request))
#25 C:\\xampp\\htdocs\\PlantsGrowthChamberApp-arnesys\\arnesys-web\\vendor\\laravel\\framework\\src\\Illuminate\\Routing\\Router.php(741): Illuminate\\Routing\\Router->runRoute(Object(Illuminate\\Http\\Request), Object(Illuminate\\Routing\\Route))
#26 C:\\xampp\\htdocs\\PlantsGrowthChamberApp-arnesys\\arnesys-web\\vendor\\laravel\\framework\\src\\Illuminate\\Routing\\Router.php(730): Illuminate\\Routing\\Router->dispatchToRoute(Object(Illuminate\\Http\\Request))
#27 C:\\xampp\\htdocs\\PlantsGrowthChamberApp-arnesys\\arnesys-web\\vendor\\laravel\\framework\\src\\Illuminate\\Foundation\\Http\\Kernel.php(200): Illuminate\\Routing\\Router->dispatch(Object(Illuminate\\Http\\Request))
#28 C:\\xampp\\htdocs\\PlantsGrowthChamberApp-arnesys\\arnesys-web\\vendor\\laravel\\framework\\src\\Illuminate\\Pipeline\\Pipeline.php(141): Illuminate\\Foundation\\Http\\Kernel->Illuminate\\Foundation\\Http\\{closure}(Object(Illuminate\\Http\\Request))
#29 C:\\xampp\\htdocs\\PlantsGrowthChamberApp-arnesys\\arnesys-web\\vendor\\laravel\\framework\\src\\Illuminate\\Foundation\\Http\\Middleware\\TransformsRequest.php(21): Illuminate\\Pipeline\\Pipeline->Illuminate\\Pipeline\\{closure}(Object(Illuminate\\Http\\Request))
#30 C:\\xampp\\htdocs\\PlantsGrowthChamberApp-arnesys\\arnesys-web\\vendor\\laravel\\framework\\src\\Illuminate\\Foundation\\Http\\Middleware\\ConvertEmptyStringsToNull.php(31): Illuminate\\Foundation\\Http\\Middleware\\TransformsRequest->handle(Object(Illuminate\\Http\\Request), Object(Closure))
#31 C:\\xampp\\htdocs\\PlantsGrowthChamberApp-arnesys\\arnesys-web\\vendor\\laravel\\framework\\src\\Illuminate\\Pipeline\\Pipeline.php(180): Illuminate\\Foundation\\Http\\Middleware\\ConvertEmptyStringsToNull->handle(Object(Illuminate\\Http\\Request), Object(Closure))
#32 C:\\xampp\\htdocs\\PlantsGrowthChamberApp-arnesys\\arnesys-web\\vendor\\laravel\\framework\\src\\Illuminate\\Foundation\\Http\\Middleware\\TransformsRequest.php(21): Illuminate\\Pipeline\\Pipeline->Illuminate\\Pipeline\\{closure}(Object(Illuminate\\Http\\Request))
#33 C:\\xampp\\htdocs\\PlantsGrowthChamberApp-arnesys\\arnesys-web\\vendor\\laravel\\framework\\src\\Illuminate\\Foundation\\Http\\Middleware\\TrimStrings.php(40): Illuminate\\Foundation\\Http\\Middleware\\TransformsRequest->handle(Object(Illuminate\\Http\\Request), Object(Closure))
#34 C:\\xampp\\htdocs\\PlantsGrowthChamberApp-arnesys\\arnesys-web\\vendor\\laravel\\framework\\src\\Illuminate\\Pipeline\\Pipeline.php(180): Illuminate\\Foundation\\Http\\Middleware\\TrimStrings->handle(Object(Illuminate\\Http\\Request), Object(Closure))
#35 C:\\xampp\\htdocs\\PlantsGrowthChamberApp-arnesys\\arnesys-web\\vendor\\laravel\\framework\\src\\Illuminate\\Foundation\\Http\\Middleware\\ValidatePostSize.php(27): Illuminate\\Pipeline\\Pipeline->Illuminate\\Pipeline\\{closure}(Object(Illuminate\\Http\\Request))
#36 C:\\xampp\\htdocs\\PlantsGrowthChamberApp-arnesys\\arnesys-web\\vendor\\laravel\\framework\\src\\Illuminate\\Pipeline\\Pipeline.php(180): Illuminate\\Foundation\\Http\\Middleware\\ValidatePostSize->handle(Object(Illuminate\\Http\\Request), Object(Closure))
#37 C:\\xampp\\htdocs\\PlantsGrowthChamberApp-arnesys\\arnesys-web\\vendor\\laravel\\framework\\src\\Illuminate\\Foundation\\Http\\Middleware\\PreventRequestsDuringMaintenance.php(86): Illuminate\\Pipeline\\Pipeline->Illuminate\\Pipeline\\{closure}(Object(Illuminate\\Http\\Request))
#38 C:\\xampp\\htdocs\\PlantsGrowthChamberApp-arnesys\\arnesys-web\\vendor\\laravel\\framework\\src\\Illuminate\\Pipeline\\Pipeline.php(180): Illuminate\\Foundation\\Http\\Middleware\\PreventRequestsDuringMaintenance->handle(Object(Illuminate\\Http\\Request), Object(Closure))
#39 C:\\xampp\\htdocs\\PlantsGrowthChamberApp-arnesys\\arnesys-web\\vendor\\laravel\\framework\\src\\Illuminate\\Http\\Middleware\\HandleCors.php(62): Illuminate\\Pipeline\\Pipeline->Illuminate\\Pipeline\\{closure}(Object(Illuminate\\Http\\Request))
#40 C:\\xampp\\htdocs\\PlantsGrowthChamberApp-arnesys\\arnesys-web\\vendor\\laravel\\framework\\src\\Illuminate\\Pipeline\\Pipeline.php(180): Illuminate\\Http\\Middleware\\HandleCors->handle(Object(Illuminate\\Http\\Request), Object(Closure))
#41 C:\\xampp\\htdocs\\PlantsGrowthChamberApp-arnesys\\arnesys-web\\vendor\\laravel\\framework\\src\\Illuminate\\Http\\Middleware\\TrustProxies.php(39): Illuminate\\Pipeline\\Pipeline->Illuminate\\Pipeline\\{closure}(Object(Illuminate\\Http\\Request))
#42 C:\\xampp\\htdocs\\PlantsGrowthChamberApp-arnesys\\arnesys-web\\vendor\\laravel\\framework\\src\\Illuminate\\Pipeline\\Pipeline.php(180): Illuminate\\Http\\Middleware\\TrustProxies->handle(Object(Illuminate\\Http\\Request), Object(Closure))
#43 C:\\xampp\\htdocs\\PlantsGrowthChamberApp-arnesys\\arnesys-web\\vendor\\laravel\\framework\\src\\Illuminate\\Pipeline\\Pipeline.php(116): Illuminate\\Pipeline\\Pipeline->Illuminate\\Pipeline\\{closure}(Object(Illuminate\\Http\\Request))
#44 C:\\xampp\\htdocs\\PlantsGrowthChamberApp-arnesys\\arnesys-web\\vendor\\laravel\\framework\\src\\Illuminate\\Foundation\\Http\\Kernel.php(175): Illuminate\\Pipeline\\Pipeline->then(Object(Closure))
#45 C:\\xampp\\htdocs\\PlantsGrowthChamberApp-arnesys\\arnesys-web\\vendor\\laravel\\framework\\src\\Illuminate\\Foundation\\Http\\Kernel.php(144): Illuminate\\Foundation\\Http\\Kernel->sendRequestThroughRouter(Object(Illuminate\\Http\\Request))
#46 C:\\xampp\\htdocs\\PlantsGrowthChamberApp-arnesys\\arnesys-web\\public\\index.php(52): Illuminate\\Foundation\\Http\\Kernel->handle(Object(Illuminate\\Http\\Request))
#47 C:\\xampp\\htdocs\\PlantsGrowthChamberApp-arnesys\\arnesys-web\\vendor\\laravel\\framework\\src\\Illuminate\\Foundation\\resources\\server.php(16): require_once('C:\\\\xampp\\\\htdocs...')
#48 {main}

[previous exception] [object] (PDOException(code: 42S22): SQLSTATE[42S22]: Column not found: 1054 Unknown column 'undefined' in 'field list' at C:\\xampp\\htdocs\\PlantsGrowthChamberApp-arnesys\\arnesys-web\\vendor\\laravel\\framework\\src\\Illuminate\\Database\\Connection.php:416)
[stacktrace]
#0 C:\\xampp\\htdocs\\PlantsGrowthChamberApp-arnesys\\arnesys-web\\vendor\\laravel\\framework\\src\\Illuminate\\Database\\Connection.php(416): PDO->prepare('select count(*)...')
#1 C:\\xampp\\htdocs\\PlantsGrowthChamberApp-arnesys\\arnesys-web\\vendor\\laravel\\framework\\src\\Illuminate\\Database\\Connection.php(788): Illuminate\\Database\\Connection->Illuminate\\Database\\{closure}('select count(*)...', Array)
#2 C:\\xampp\\htdocs\\PlantsGrowthChamberApp-arnesys\\arnesys-web\\vendor\\laravel\\framework\\src\\Illuminate\\Database\\Connection.php(755): Illuminate\\Database\\Connection->runQueryCallback('select count(*)...', Array, Object(Closure))
#3 C:\\xampp\\htdocs\\PlantsGrowthChamberApp-arnesys\\arnesys-web\\vendor\\laravel\\framework\\src\\Illuminate\\Database\\Connection.php(424): Illuminate\\Database\\Connection->run('select count(*)...', Array, Object(Closure))
#4 C:\\xampp\\htdocs\\PlantsGrowthChamberApp-arnesys\\arnesys-web\\vendor\\laravel\\framework\\src\\Illuminate\\Database\\Query\\Builder.php(2748): Illuminate\\Database\\Connection->select('select count(*)...', Array, true)
#5 C:\\xampp\\htdocs\\PlantsGrowthChamberApp-arnesys\\arnesys-web\\vendor\\laravel\\framework\\src\\Illuminate\\Database\\Query\\Builder.php(2736): Illuminate\\Database\\Query\\Builder->runSelect()
#6 C:\\xampp\\htdocs\\PlantsGrowthChamberApp-arnesys\\arnesys-web\\vendor\\laravel\\framework\\src\\Illuminate\\Database\\Query\\Builder.php(3290): Illuminate\\Database\\Query\\Builder->Illuminate\\Database\\Query\\{closure}()
#7 C:\\xampp\\htdocs\\PlantsGrowthChamberApp-arnesys\\arnesys-web\\vendor\\laravel\\framework\\src\\Illuminate\\Database\\Query\\Builder.php(2737): Illuminate\\Database\\Query\\Builder->onceWithColumns(Array, Object(Closure))
#8 C:\\xampp\\htdocs\\PlantsGrowthChamberApp-arnesys\\arnesys-web\\vendor\\laravel\\framework\\src\\Illuminate\\Database\\Query\\Builder.php(2892): Illuminate\\Database\\Query\\Builder->get()
#9 C:\\xampp\\htdocs\\PlantsGrowthChamberApp-arnesys\\arnesys-web\\vendor\\laravel\\framework\\src\\Illuminate\\Database\\Query\\Builder.php(2859): Illuminate\\Database\\Query\\Builder->runPaginationCountQuery(Array)
#10 C:\\xampp\\htdocs\\PlantsGrowthChamberApp-arnesys\\arnesys-web\\vendor\\laravel\\framework\\src\\Illuminate\\Database\\Eloquent\\Builder.php(904): Illuminate\\Database\\Query\\Builder->getCountForPagination()
#11 C:\\xampp\\htdocs\\PlantsGrowthChamberApp-arnesys\\arnesys-web\\app\\Http\\Controllers\\Api\\MonitoringSupportDeviceController.php(45): Illuminate\\Database\\Eloquent\\Builder->paginate(10)
#12 C:\\xampp\\htdocs\\PlantsGrowthChamberApp-arnesys\\arnesys-web\\vendor\\laravel\\framework\\src\\Illuminate\\Routing\\Controller.php(54): App\\Http\\Controllers\\Api\\MonitoringSupportDeviceController->getChartData('cd3eb1ad-f3ee-4...', '1', 'undefined', 'day')
#13 C:\\xampp\\htdocs\\PlantsGrowthChamberApp-arnesys\\arnesys-web\\vendor\\laravel\\framework\\src\\Illuminate\\Routing\\ControllerDispatcher.php(43): Illuminate\\Routing\\Controller->callAction('getChartData', Array)
#14 C:\\xampp\\htdocs\\PlantsGrowthChamberApp-arnesys\\arnesys-web\\vendor\\laravel\\framework\\src\\Illuminate\\Routing\\Route.php(260): Illuminate\\Routing\\ControllerDispatcher->dispatch(Object(Illuminate\\Routing\\Route), Object(App\\Http\\Controllers\\Api\\MonitoringSupportDeviceController), 'getChartData')
#15 C:\\xampp\\htdocs\\PlantsGrowthChamberApp-arnesys\\arnesys-web\\vendor\\laravel\\framework\\src\\Illuminate\\Routing\\Route.php(205): Illuminate\\Routing\\Route->runController()
#16 C:\\xampp\\htdocs\\PlantsGrowthChamberApp-arnesys\\arnesys-web\\vendor\\laravel\\framework\\src\\Illuminate\\Routing\\Router.php(799): Illuminate\\Routing\\Route->run()
#17 C:\\xampp\\htdocs\\PlantsGrowthChamberApp-arnesys\\arnesys-web\\vendor\\laravel\\framework\\src\\Illuminate\\Pipeline\\Pipeline.php(141): Illuminate\\Routing\\Router->Illuminate\\Routing\\{closure}(Object(Illuminate\\Http\\Request))
#18 C:\\xampp\\htdocs\\PlantsGrowthChamberApp-arnesys\\arnesys-web\\vendor\\laravel\\framework\\src\\Illuminate\\Routing\\Middleware\\SubstituteBindings.php(50): Illuminate\\Pipeline\\Pipeline->Illuminate\\Pipeline\\{closure}(Object(Illuminate\\Http\\Request))
#19 C:\\xampp\\htdocs\\PlantsGrowthChamberApp-arnesys\\arnesys-web\\vendor\\laravel\\framework\\src\\Illuminate\\Pipeline\\Pipeline.php(180): Illuminate\\Routing\\Middleware\\SubstituteBindings->handle(Object(Illuminate\\Http\\Request), Object(Closure))
#20 C:\\xampp\\htdocs\\PlantsGrowthChamberApp-arnesys\\arnesys-web\\vendor\\laravel\\framework\\src\\Illuminate\\Routing\\Middleware\\ThrottleRequests.php(159): Illuminate\\Pipeline\\Pipeline->Illuminate\\Pipeline\\{closure}(Object(Illuminate\\Http\\Request))
#21 C:\\xampp\\htdocs\\PlantsGrowthChamberApp-arnesys\\arnesys-web\\vendor\\laravel\\framework\\src\\Illuminate\\Routing\\Middleware\\ThrottleRequests.php(135): Illuminate\\Routing\\Middleware\\ThrottleRequests->handleRequest(Object(Illuminate\\Http\\Request), Object(Closure), Array)
#22 C:\\xampp\\htdocs\\PlantsGrowthChamberApp-arnesys\\arnesys-web\\vendor\\laravel\\framework\\src\\Illuminate\\Routing\\Middleware\\ThrottleRequests.php(87): Illuminate\\Routing\\Middleware\\ThrottleRequests->handleRequestUsingNamedLimiter(Object(Illuminate\\Http\\Request), Object(Closure), 'api', Object(Closure))
#23 C:\\xampp\\htdocs\\PlantsGrowthChamberApp-arnesys\\arnesys-web\\vendor\\laravel\\framework\\src\\Illuminate\\Pipeline\\Pipeline.php(180): Illuminate\\Routing\\Middleware\\ThrottleRequests->handle(Object(Illuminate\\Http\\Request), Object(Closure), 'api')
#24 C:\\xampp\\htdocs\\PlantsGrowthChamberApp-arnesys\\arnesys-web\\vendor\\laravel\\framework\\src\\Illuminate\\Pipeline\\Pipeline.php(116): Illuminate\\Pipeline\\Pipeline->Illuminate\\Pipeline\\{closure}(Object(Illuminate\\Http\\Request))
#25 C:\\xampp\\htdocs\\PlantsGrowthChamberApp-arnesys\\arnesys-web\\vendor\\laravel\\framework\\src\\Illuminate\\Routing\\Router.php(800): Illuminate\\Pipeline\\Pipeline->then(Object(Closure))
#26 C:\\xampp\\htdocs\\PlantsGrowthChamberApp-arnesys\\arnesys-web\\vendor\\laravel\\framework\\src\\Illuminate\\Routing\\Router.php(777): Illuminate\\Routing\\Router->runRouteWithinStack(Object(Illuminate\\Routing\\Route), Object(Illuminate\\Http\\Request))
#27 C:\\xampp\\htdocs\\PlantsGrowthChamberApp-arnesys\\arnesys-web\\vendor\\laravel\\framework\\src\\Illuminate\\Routing\\Router.php(741): Illuminate\\Routing\\Router->runRoute(Object(Illuminate\\Http\\Request), Object(Illuminate\\Routing\\Route))
#28 C:\\xampp\\htdocs\\PlantsGrowthChamberApp-arnesys\\arnesys-web\\vendor\\laravel\\framework\\src\\Illuminate\\Routing\\Router.php(730): Illuminate\\Routing\\Router->dispatchToRoute(Object(Illuminate\\Http\\Request))
#29 C:\\xampp\\htdocs\\PlantsGrowthChamberApp-arnesys\\arnesys-web\\vendor\\laravel\\framework\\src\\Illuminate\\Foundation\\Http\\Kernel.php(200): Illuminate\\Routing\\Router->dispatch(Object(Illuminate\\Http\\Request))
#30 C:\\xampp\\htdocs\\PlantsGrowthChamberApp-arnesys\\arnesys-web\\vendor\\laravel\\framework\\src\\Illuminate\\Pipeline\\Pipeline.php(141): Illuminate\\Foundation\\Http\\Kernel->Illuminate\\Foundation\\Http\\{closure}(Object(Illuminate\\Http\\Request))
#31 C:\\xampp\\htdocs\\PlantsGrowthChamberApp-arnesys\\arnesys-web\\vendor\\laravel\\framework\\src\\Illuminate\\Foundation\\Http\\Middleware\\TransformsRequest.php(21): Illuminate\\Pipeline\\Pipeline->Illuminate\\Pipeline\\{closure}(Object(Illuminate\\Http\\Request))
#32 C:\\xampp\\htdocs\\PlantsGrowthChamberApp-arnesys\\arnesys-web\\vendor\\laravel\\framework\\src\\Illuminate\\Foundation\\Http\\Middleware\\ConvertEmptyStringsToNull.php(31): Illuminate\\Foundation\\Http\\Middleware\\TransformsRequest->handle(Object(Illuminate\\Http\\Request), Object(Closure))
#33 C:\\xampp\\htdocs\\PlantsGrowthChamberApp-arnesys\\arnesys-web\\vendor\\laravel\\framework\\src\\Illuminate\\Pipeline\\Pipeline.php(180): Illuminate\\Foundation\\Http\\Middleware\\ConvertEmptyStringsToNull->handle(Object(Illuminate\\Http\\Request), Object(Closure))
#34 C:\\xampp\\htdocs\\PlantsGrowthChamberApp-arnesys\\arnesys-web\\vendor\\laravel\\framework\\src\\Illuminate\\Foundation\\Http\\Middleware\\TransformsRequest.php(21): Illuminate\\Pipeline\\Pipeline->Illuminate\\Pipeline\\{closure}(Object(Illuminate\\Http\\Request))
#35 C:\\xampp\\htdocs\\PlantsGrowthChamberApp-arnesys\\arnesys-web\\vendor\\laravel\\framework\\src\\Illuminate\\Foundation\\Http\\Middleware\\TrimStrings.php(40): Illuminate\\Foundation\\Http\\Middleware\\TransformsRequest->handle(Object(Illuminate\\Http\\Request), Object(Closure))
#36 C:\\xampp\\htdocs\\PlantsGrowthChamberApp-arnesys\\arnesys-web\\vendor\\laravel\\framework\\src\\Illuminate\\Pipeline\\Pipeline.php(180): Illuminate\\Foundation\\Http\\Middleware\\TrimStrings->handle(Object(Illuminate\\Http\\Request), Object(Closure))
#37 C:\\xampp\\htdocs\\PlantsGrowthChamberApp-arnesys\\arnesys-web\\vendor\\laravel\\framework\\src\\Illuminate\\Foundation\\Http\\Middleware\\ValidatePostSize.php(27): Illuminate\\Pipeline\\Pipeline->Illuminate\\Pipeline\\{closure}(Object(Illuminate\\Http\\Request))
#38 C:\\xampp\\htdocs\\PlantsGrowthChamberApp-arnesys\\arnesys-web\\vendor\\laravel\\framework\\src\\Illuminate\\Pipeline\\Pipeline.php(180): Illuminate\\Foundation\\Http\\Middleware\\ValidatePostSize->handle(Object(Illuminate\\Http\\Request), Object(Closure))
#39 C:\\xampp\\htdocs\\PlantsGrowthChamberApp-arnesys\\arnesys-web\\vendor\\laravel\\framework\\src\\Illuminate\\Foundation\\Http\\Middleware\\PreventRequestsDuringMaintenance.php(86): Illuminate\\Pipeline\\Pipeline->Illuminate\\Pipeline\\{closure}(Object(Illuminate\\Http\\Request))
#40 C:\\xampp\\htdocs\\PlantsGrowthChamberApp-arnesys\\arnesys-web\\vendor\\laravel\\framework\\src\\Illuminate\\Pipeline\\Pipeline.php(180): Illuminate\\Foundation\\Http\\Middleware\\PreventRequestsDuringMaintenance->handle(Object(Illuminate\\Http\\Request), Object(Closure))
#41 C:\\xampp\\htdocs\\PlantsGrowthChamberApp-arnesys\\arnesys-web\\vendor\\laravel\\framework\\src\\Illuminate\\Http\\Middleware\\HandleCors.php(62): Illuminate\\Pipeline\\Pipeline->Illuminate\\Pipeline\\{closure}(Object(Illuminate\\Http\\Request))
#42 C:\\xampp\\htdocs\\PlantsGrowthChamberApp-arnesys\\arnesys-web\\vendor\\laravel\\framework\\src\\Illuminate\\Pipeline\\Pipeline.php(180): Illuminate\\Http\\Middleware\\HandleCors->handle(Object(Illuminate\\Http\\Request), Object(Closure))
#43 C:\\xampp\\htdocs\\PlantsGrowthChamberApp-arnesys\\arnesys-web\\vendor\\laravel\\framework\\src\\Illuminate\\Http\\Middleware\\TrustProxies.php(39): Illuminate\\Pipeline\\Pipeline->Illuminate\\Pipeline\\{closure}(Object(Illuminate\\Http\\Request))
#44 C:\\xampp\\htdocs\\PlantsGrowthChamberApp-arnesys\\arnesys-web\\vendor\\laravel\\framework\\src\\Illuminate\\Pipeline\\Pipeline.php(180): Illuminate\\Http\\Middleware\\TrustProxies->handle(Object(Illuminate\\Http\\Request), Object(Closure))
#45 C:\\xampp\\htdocs\\PlantsGrowthChamberApp-arnesys\\arnesys-web\\vendor\\laravel\\framework\\src\\Illuminate\\Pipeline\\Pipeline.php(116): Illuminate\\Pipeline\\Pipeline->Illuminate\\Pipeline\\{closure}(Object(Illuminate\\Http\\Request))
#46 C:\\xampp\\htdocs\\PlantsGrowthChamberApp-arnesys\\arnesys-web\\vendor\\laravel\\framework\\src\\Illuminate\\Foundation\\Http\\Kernel.php(175): Illuminate\\Pipeline\\Pipeline->then(Object(Closure))
#47 C:\\xampp\\htdocs\\PlantsGrowthChamberApp-arnesys\\arnesys-web\\vendor\\laravel\\framework\\src\\Illuminate\\Foundation\\Http\\Kernel.php(144): Illuminate\\Foundation\\Http\\Kernel->sendRequestThroughRouter(Object(Illuminate\\Http\\Request))
#48 C:\\xampp\\htdocs\\PlantsGrowthChamberApp-arnesys\\arnesys-web\\public\\index.php(52): Illuminate\\Foundation\\Http\\Kernel->handle(Object(Illuminate\\Http\\Request))
#49 C:\\xampp\\htdocs\\PlantsGrowthChamberApp-arnesys\\arnesys-web\\vendor\\laravel\\framework\\src\\Illuminate\\Foundation\\resources\\server.php(16): require_once('C:\\\\xampp\\\\htdocs...')
#50 {main}
"} 
